<?xml version="1.0" encoding="UTF-8"?>
<testsuite xmlns:xsi="http://www.w3.org/2001/XMLSchema-instance" xsi:noNamespaceSchemaLocation="https://maven.apache.org/surefire/maven-surefire-plugin/xsd/surefire-test-report.xsd" version="3.0.2" name="com.bank.monolith.service.AccountServiceTest" time="0.275" tests="1" errors="0" skipped="0" failures="0">
  <properties>
[...]
</properties>
  <testcase name="shouldCreateSavingsAccountSuccessfully" classname="com.bank.monolith.service.AccountServiceTest" time="0.273">
    <system-out><![CDATA[2026-04-01 07:27:35.032 [main] INFO  c.b.monolith.service.AccountService - Creating new SAVINGS account for user 1
]]></system-out>
  </testcase>
</testsuite>