<?xml version="1.0" encoding="UTF-8"?>
<testsuite xmlns:xsi="http://www.w3.org/2001/XMLSchema-instance" xsi:noNamespaceSchemaLocation="https://maven.apache.org/surefire/maven-surefire-plugin/xsd/surefire-test-report.xsd" version="3.0.2" name="com.bank.monolith.domain.repository.AccountRepositoryTest" time="4.65" tests="1" errors="0" skipped="0" failures="0">
  <properties>
[...]
</properties>
  <testcase name="shouldSaveAndFindAccountByAccountNumber" classname="com.bank.monolith.domain.repository.AccountRepositoryTest" time="0.817">
    <system-out><![CDATA[07:27:30.088 [main] INFO org.springframework.test.context.support.AnnotationConfigContextLoaderUtils -- Could not detect default configuration classes for test class [com.bank.monolith.domain.repository.AccountRepositoryTest]: AccountRepositoryTest does not declare any static, non-private, non-final, nested classes annotated with @Configuration.
07:27:30.234 [main] INFO org.springframework.boot.test.context.SpringBootTestContextBootstrapper -- Found @SpringBootConfiguration com.bank.monolith.MonolithApplication for test class com.bank.monolith.domain.repository.AccountRepositoryTest
07:27:30,831 |-WARN in net.logstash.logback.appender.LogstashTcpSocketAppender[LOGSTASH] - Log destination localhost/<unresolved>:5000: connection failed. java.net.ConnectException: Connection refused: getsockopt
	at java.net.ConnectException: Connection refused: getsockopt
	at 	at java.base/sun.nio.ch.Net.pollConnect(Native Method)
	at 	at java.base/sun.nio.ch.Net.pollConnectNow(Net.java:639)
	at 	at java.base/sun.nio.ch.NioSocketImpl.timedFinishConnect(NioSocketImpl.java:543)
	at 	at java.base/sun.nio.ch.NioSocketImpl.connect(NioSocketImpl.java:594)
	at 	at java.base/java.net.SocksSocketImpl.connect(SocksSocketImpl.java:284)
	at 	at java.base/java.net.Socket.connect(Socket.java:659)
	at 	at net.logstash.logback.appender.AbstractLogstashTcpSocketAppender$TcpSendingEventHandler.openSocket(AbstractLogstashTcpSocketAppender.java:765)
	at 	at net.logstash.logback.appender.AbstractLogstashTcpSocketAppender$TcpSendingEventHandler.onStart(AbstractLogstashTcpSocketAppender.java:691)
	at 	at net.logstash.logback.appender.AsyncDisruptorAppender$EventClearingEventHandler.onStart(AsyncDisruptorAppender.java:382)
	at 	at net.logstash.logback.encoder.com.lmax.disruptor.BatchEventProcessor.notifyStart(BatchEventProcessor.java:224)
	at 	at net.logstash.logback.encoder.com.lmax.disruptor.BatchEventProcessor.run(BatchEventProcessor.java:120)
	at 	at java.base/java.lang.Thread.run(Thread.java:1474)
07:27:30,834 |-WARN in net.logstash.logback.appender.LogstashTcpSocketAppender[LOGSTASH] - Log destination localhost/<unresolved>:5000: Waiting 29988ms before attempting reconnection.

  .   ____          _            __ _ _
 /\\ / ___'_ __ _ _(_)_ __  __ _ \ \ \ \
( ( )\___ | '_ | '_| | '_ \/ _` | \ \ \ \
 \\/  ___)| |_)| | | | | || (_| |  ) ) ) )
  '  |____| .__|_| |_|_| |_\__, | / / / /
 =========|_|==============|___/=/_/_/_/

 :: Spring Boot ::                (v3.4.0)

2026-04-01 07:27:30.903 [main] INFO  c.b.m.d.r.AccountRepositoryTest - Starting AccountRepositoryTest using Java 25.0.2 with PID 23060 (started by syska in D:\Training\bank-monolith)
2026-04-01 07:27:30.905 [main] INFO  c.b.m.d.r.AccountRepositoryTest - No active profile set, falling back to 1 default profile: "default"
2026-04-01 07:27:31.277 [main] INFO  o.s.d.r.c.RepositoryConfigurationDelegate - Bootstrapping Spring Data JPA repositories in DEFAULT mode.
2026-04-01 07:27:31.345 [main] INFO  o.s.d.r.c.RepositoryConfigurationDelegate - Finished Spring Data repository scanning in 61 ms. Found 3 JPA repository interfaces.
2026-04-01 07:27:31.409 [main] INFO  o.s.b.t.a.j.TestDatabaseAutoConfiguration$EmbeddedDataSourceBeanFactoryPostProcessor - Replacing 'dataSource' DataSource bean with embedded version
2026-04-01 07:27:31.595 [main] INFO  o.s.j.d.e.EmbeddedDatabaseFactory - Starting embedded database: url='jdbc:h2:mem:7fbc007c-1cff-44d7-8f80-370270043e1d;DB_CLOSE_DELAY=-1;DB_CLOSE_ON_EXIT=false', username='sa'
2026-04-01 07:27:31.871 [main] INFO  o.h.jpa.internal.util.LogHelper - HHH000204: Processing PersistenceUnitInfo [name: default]
2026-04-01 07:27:31.928 [main] INFO  org.hibernate.Version - HHH000412: Hibernate ORM core version 6.6.2.Final
2026-04-01 07:27:31.955 [main] INFO  o.h.c.i.RegionFactoryInitiator - HHH000026: Second-level cache disabled
2026-04-01 07:27:32.225 [main] INFO  o.s.o.j.p.SpringPersistenceUnitInfo - No LoadTimeWeaver setup: ignoring JPA class transformer
2026-04-01 07:27:32.268 [main] WARN  org.hibernate.orm.deprecation - HHH90000025: H2Dialect does not need to be specified explicitly using 'hibernate.dialect' (remove the property setting and it will be selected by default)
2026-04-01 07:27:32.283 [main] INFO  o.hibernate.orm.connections.pooling - HHH10001005: Database info:
	Database JDBC URL [Connecting through datasource 'org.springframework.jdbc.datasource.embedded.EmbeddedDatabaseFactory$EmbeddedDataSourceProxy@5a7a6d34']
	Database driver: undefined/unknown
	Database version: 2.3.232
	Autocommit mode: undefined/unknown
	Isolation level: undefined/unknown
	Minimum pool size: undefined/unknown
	Maximum pool size: undefined/unknown
Hibernate: 
    create global temporary table HT_accounts(id bigint not null, primary key (id)) TRANSACTIONAL
Hibernate: 
    create global temporary table HTE_accounts(balance numeric(38, 2), emi_amount numeric(38, 2), interest_rate numeric(38, 2), interest_rate numeric(38, 2), interest_rate numeric(38, 2), maturity_amount numeric(38, 2), maturity_date date, outstanding_balance numeric(38, 2), overdraft_limit numeric(38, 2), principal_amount numeric(38, 2), principal_amount numeric(38, 2), tenure_months integer, tenure_months integer, HTE_IDENTITY bigint generated 
by
    default as identity, created_at timestamp(6), id bigint, updated_at timestamp(6), user_id bigint, account_number varchar(12), account_type enum ('CURRENT', 'DEPOSIT', 'LOAN', 'SAVINGS'), status enum ('ACTIVE', 'CLOSED', 'DORMANT', 'PENDING_APPROVAL'), primary key (HTE_IDENTITY)) TRANSACTIONAL
Hibernate: 
    create global temporary table HTE_loan_accounts(balance numeric(38, 2), emi_amount numeric(38, 2), interest_rate numeric(38, 2), outstanding_balance numeric(38, 2), principal_amount numeric(38, 2), tenure_months integer, HTE_IDENTITY bigint generated 
by
    default as identity, created_at timestamp(6), id bigint, updated_at timestamp(6), user_id bigint, account_number varchar(12), account_type enum ('CURRENT', 'DEPOSIT', 'LOAN', 'SAVINGS'), status enum ('ACTIVE', 'CLOSED', 'DORMANT', 'PENDING_APPROVAL'), primary key (HTE_IDENTITY)) TRANSACTIONAL
Hibernate: 
    create global temporary table HTE_current_accounts(balance numeric(38, 2), overdraft_limit numeric(38, 2), HTE_IDENTITY bigint generated 
by
    default as identity, created_at timestamp(6), id bigint, updated_at timestamp(6), user_id bigint, account_number varchar(12), account_type enum ('CURRENT', 'DEPOSIT', 'LOAN', 'SAVINGS'), status enum ('ACTIVE', 'CLOSED', 'DORMANT', 'PENDING_APPROVAL'), primary key (HTE_IDENTITY)) TRANSACTIONAL
Hibernate: 
    create global temporary table HTE_savings_accounts(balance numeric(38, 2), interest_rate numeric(38, 2), HTE_IDENTITY bigint generated 
by
    default as identity, created_at timestamp(6), id bigint, updated_at timestamp(6), user_id bigint, account_number varchar(12), account_type enum ('CURRENT', 'DEPOSIT', 'LOAN', 'SAVINGS'), status enum ('ACTIVE', 'CLOSED', 'DORMANT', 'PENDING_APPROVAL'), primary key (HTE_IDENTITY)) TRANSACTIONAL
Hibernate: 
    create global temporary table HTE_deposit_accounts(balance numeric(38, 2), interest_rate numeric(38, 2), maturity_amount numeric(38, 2), maturity_date date, principal_amount numeric(38, 2), tenure_months integer, HTE_IDENTITY bigint generated 
by
    default as identity, created_at timestamp(6), id bigint, updated_at timestamp(6), user_id bigint, account_number varchar(12), account_type enum ('CURRENT', 'DEPOSIT', 'LOAN', 'SAVINGS'), status enum ('ACTIVE', 'CLOSED', 'DORMANT', 'PENDING_APPROVAL'), primary key (HTE_IDENTITY)) TRANSACTIONAL
2026-04-01 07:27:33.179 [main] INFO  o.h.e.t.j.p.i.JtaPlatformInitiator - HHH000489: No JTA platform available (set 'hibernate.transaction.jta.platform' to enable JTA platform integration)
Hibernate: 
    drop table if exists accounts cascade 
Hibernate: 
    drop table if exists current_accounts cascade 
Hibernate: 
    drop table if exists deposit_accounts cascade 
Hibernate: 
    drop table if exists loan_accounts cascade 
Hibernate: 
    drop table if exists savings_accounts cascade 
Hibernate: 
    drop table if exists transactions cascade 
Hibernate: 
    drop table if exists users cascade 
Hibernate: 
    create table accounts (
        balance numeric(38,2) not null,
        created_at timestamp(6),
        id bigint generated by default as identity,
        updated_at timestamp(6),
        user_id bigint not null,
        account_number varchar(12) not null unique,
        account_type enum ('CURRENT','DEPOSIT','LOAN','SAVINGS') not null,
        status enum ('ACTIVE','CLOSED','DORMANT','PENDING_APPROVAL') not null,
        primary key (id)
    )
Hibernate: 
    create table current_accounts (
        overdraft_limit numeric(38,2),
        id bigint not null,
        primary key (id)
    )
Hibernate: 
    create table deposit_accounts (
        interest_rate numeric(38,2),
        maturity_amount numeric(38,2),
        maturity_date date,
        principal_amount numeric(38,2),
        tenure_months integer not null,
        id bigint not null,
        primary key (id)
    )
Hibernate: 
    create table loan_accounts (
        emi_amount numeric(38,2),
        interest_rate numeric(38,2),
        outstanding_balance numeric(38,2),
        principal_amount numeric(38,2),
        tenure_months integer not null,
        id bigint not null,
        primary key (id)
    )
Hibernate: 
    create table savings_accounts (
        interest_rate numeric(38,2),
        id bigint not null,
        primary key (id)
    )
Hibernate: 
    create table transactions (
        amount numeric(38,2) not null,
        balance_after_transaction numeric(38,2) not null,
        account_id bigint not null,
        id bigint generated by default as identity,
        timestamp timestamp(6),
        transaction_reference varchar(36) not null unique,
        description varchar(255),
        related_account_number varchar(255),
        status enum ('COMPLETED','FAILED','PENDING','REVERSED') not null,
        type enum ('DEPOSIT','EMI_PAYMENT','LOAN_DISBURSEMENT','TRANSFER_IN','TRANSFER_OUT','WITHDRAWAL') not null,
        primary key (id)
    )
Hibernate: 
    create table users (
        created_at timestamp(6),
        id bigint generated by default as identity,
        updated_at timestamp(6),
        email varchar(255) not null unique,
        first_name varchar(255) not null,
        last_name varchar(255) not null,
        password varchar(255) not null,
        phone_number varchar(255) not null unique,
        role enum ('ROLE_ADMIN','ROLE_CUSTOMER','ROLE_MANAGER') not null,
        primary key (id)
    )
Hibernate: 
    alter table if exists accounts 
       add constraint FKnjuop33mo69pd79ctplkck40n 
       foreign key (user_id) 
       references users
Hibernate: 
    alter table if exists current_accounts 
       add constraint FK1nqasybow6kmhr3v6umxw9a4t 
       foreign key (id) 
       references accounts
Hibernate: 
    alter table if exists deposit_accounts 
       add constraint FKtb423wdkecutclvav1bdrb344 
       foreign key (id) 
       references accounts
Hibernate: 
    alter table if exists loan_accounts 
       add constraint FK7p2rvd4kw4rt35u30kdg7xyhr 
       foreign key (id) 
       references accounts
Hibernate: 
    alter table if exists savings_accounts 
       add constraint FKkt28820wtrdyao0uje593gt4d 
       foreign key (id) 
       references accounts
Hibernate: 
    alter table if exists transactions 
       add constraint FK20w7wsg13u9srbq3bd7chfxdh 
       foreign key (account_id) 
       references accounts
2026-04-01 07:27:33.247 [main] INFO  o.s.o.j.LocalContainerEntityManagerFactoryBean - Initialized JPA EntityManagerFactory for persistence unit 'default'
2026-04-01 07:27:33.776 [main] INFO  c.b.m.d.r.AccountRepositoryTest - Started AccountRepositoryTest in 3.487 seconds (process running for 4.348)
Hibernate: 
    insert 
    into
        users
        (created_at, email, first_name, last_name, password, phone_number, role, updated_at, id) 
    values
        (?, ?, ?, ?, ?, ?, ?, ?, default)
Hibernate: 
    insert 
    into
        accounts
        (account_number, account_type, balance, created_at, status, updated_at, user_id, id) 
    values
        (?, ?, ?, ?, ?, ?, ?, default)
Hibernate: 
    insert 
    into
        savings_accounts
        (interest_rate, id) 
    values
        (?, ?)
Hibernate: 
    select
        a1_0.id,
        case 
            when a1_1.id is not null 
                then 1 
            when a1_2.id is not null 
                then 2 
            when a1_3.id is not null 
                then 3 
            when a1_4.id is not null 
                then 4 
        end,
        a1_0.account_number,
        a1_0.account_type,
        a1_0.balance,
        a1_0.created_at,
        a1_0.status,
        a1_0.updated_at,
        a1_0.user_id,
        a1_1.overdraft_limit,
        a1_2.interest_rate,
        a1_2.maturity_amount,
        a1_2.maturity_date,
        a1_2.principal_amount,
        a1_2.tenure_months,
        a1_3.emi_amount,
        a1_3.interest_rate,
        a1_3.outstanding_balance,
        a1_3.principal_amount,
        a1_3.tenure_months,
        a1_4.interest_rate 
    from
        accounts a1_0 
    left join
        current_accounts a1_1 
            on a1_0.id=a1_1.id 
    left join
        deposit_accounts a1_2 
            on a1_0.id=a1_2.id 
    left join
        loan_accounts a1_3 
            on a1_0.id=a1_3.id 
    left join
        savings_accounts a1_4 
            on a1_0.id=a1_4.id 
    where
        a1_0.account_number=?
]]></system-out>
    <system-err><![CDATA[Mockito is currently self-attaching to enable the inline-mock-maker. This will no longer work in future releases of the JDK. Please add Mockito as an agent to your build what is described in Mockito's documentation: https://javadoc.io/doc/org.mockito/mockito-core/latest/org/mockito/Mockito.html#0.3
WARNING: A Java agent has been loaded dynamically (C:\Users\syska\.m2\repository\net\bytebuddy\byte-buddy-agent\1.15.10\byte-buddy-agent-1.15.10.jar)
WARNING: If a serviceability tool is in use, please run with -XX:+EnableDynamicAgentLoading to hide this warning
WARNING: If a serviceability tool is not in use, please run with -Djdk.instrument.traceUsage for more information
WARNING: Dynamic loading of agents will be disallowed by default in a future release
]]></system-err>
  </testcase>
</testsuite>